<html>
<head>
<title>TestNG:  rahul selenium to selenide cucumber </title>
<link href="../testng.css" rel="stylesheet" type="text/css" />
<link href="../my-testng.css" rel="stylesheet" type="text/css" />

<style type="text/css">
.log { display: none;} 
.stack-trace { display: none;} 
</style>
<script type="text/javascript">
<!--
function flip(e) {
  current = e.style.display;
  if (current == 'block') {
    e.style.display = 'none';
    return 0;
  }
  else {
    e.style.display = 'block';
    return 1;
  }
}

function toggleBox(szDivId, elem, msg1, msg2)
{
  var res = -1;  if (document.getElementById) {
    res = flip(document.getElementById(szDivId));
  }
  else if (document.all) {
    // this is the way old msie versions work
    res = flip(document.all[szDivId]);
  }
  if(elem) {
    if(res == 0) elem.innerHTML = msg1; else elem.innerHTML = msg2;
  }

}

function toggleAllBoxes() {
  if (document.getElementsByTagName) {
    d = document.getElementsByTagName('div');
    for (i = 0; i < d.length; i++) {
      if (d[i].className == 'log') {
        flip(d[i]);
      }
    }
  }
}

// -->
</script>

</head>
<body>
<h2 align='center'>rahul selenium to selenide cucumber </h2><table border='1' align="center">
<tr>
<td>Tests passed/Failed/Skipped:</td><td>2/4/0</td>
</tr><tr>
<td>Started on:</td><td>Fri Apr 07 13:12:44 CEST 2023</td>
</tr>
<tr><td>Total time:</td><td>138 seconds (138909 ms)</td>
</tr><tr>
<td>Included groups:</td><td></td>
</tr><tr>
<td>Excluded groups:</td><td></td>
</tr>
</table><p/>
<small><i>(Hover the method name to see the test class name)</i></small><p/>
<table width='100%' border='1' class='invocation-failed'>
<tr><td colspan='4' align='center'><b>FAILED TESTS</b></td></tr>
<tr><td><b>Test method</b></td>
<td><b>Attribute(s)</b></td>
<td width="30%"><b>Exception</b></td>
<td width="10%"><b>Time (seconds)</b></td>
<td><b>Instance</b></td>
</tr>
<tr>
<td title='testRunners.CucumberTestNGRunner.runScenario()'><b>runScenario</b><br>Test class: testRunners.CucumberTestNGRunner<br>Test method: Runs Cucumber Scenarios<br>Parameters: "Get titles of the opened tabs", "AutomationPractice page tests"</td>
<td><div><pre>org.openqa.selenium.TimeoutException: Build info: version: &apos;4.8.3&apos;, revision: &apos;e5e76298c3&apos;
System info: os.name: &apos;Mac OS X&apos;, os.arch: &apos;aarch64&apos;, os.version: &apos;13.1&apos;, java.version: &apos;18.0.2&apos;
Driver info: org.openqa.selenium.safari.SafariDriver
Command: [79D26E15-EF24-4905-A1C5-A5623F0226FD, get {url=https://rahulshettyacademy.com/AutomationPractice/}]
selenide.url: https://rahulshettyacademy.com/AutomationPractice/
Capabilities {acceptInsecureCerts: false, browserName: Safari, browserVersion: 16.2, pageLoadStrategy: normal, platformName: MAC, safari:automaticInspection: false, safari:automaticProfiling: false, safari:diagnose: false, safari:platformBuildVersion: 22C65, safari:platformVersion: 13.1, safari:useSimulator: false, setWindowRect: true, strictFileInteractability: false, unhandledPromptBehavior: accept, webkit:WebRTC: {DisableICECandidateFiltering: false, DisableInsecureMediaCapture: false}}
selenide.baseUrl: https://rahulshettyacademy.com
Session ID: 79D26E15-EF24-4905-A1C5-A5623F0226FD
	at org.openqa.selenium.remote.codec.w3c.W3CHttpResponseCodec.createException(W3CHttpResponseCodec.java:200)
	at org.openqa.selenium.remote.codec.w3c.W3CHttpResponseCodec.decode(W3CHttpResponseCodec.java:133)
	at org.openqa.selenium.remote.codec.w3c.W3CHttpResponseCodec.decode(W3CHttpResponseCodec.java:53)
	at org.openqa.selenium.remote.HttpCommandExecutor.execute(HttpCommandExecutor.java:193)
	at org.openqa.selenium.remote.service.DriverCommandExecutor.invokeExecute(DriverCommandExecutor.java:183)
	at org.openqa.selenium.remote.service.DriverCommandExecutor.execute(DriverCommandExecutor.java:158)
	at org.openqa.selenium.remote.RemoteWebDriver.execute(RemoteWebDriver.java:543)
	at org.openqa.selenium.remote.RemoteWebDriver.get(RemoteWebDriver.java:297)
	at org.openqa.selenium.remote.RemoteWebDriver$RemoteNavigation.to(RemoteWebDriver.java:982)
	at com.codeborne.selenide.drivercommands.Navigator.lambda$navigateTo$0(Navigator.java:74)
	at com.codeborne.selenide.logevents.SelenideLogger.run(SelenideLogger.java:105)
	at com.codeborne.selenide.drivercommands.Navigator.navigateTo(Navigator.java:70)
	at com.codeborne.selenide.drivercommands.Navigator.open(Navigator.java:32)
	at com.codeborne.selenide.SelenideDriver.open(SelenideDriver.java:101)
	at com.codeborne.selenide.Selenide.open(Selenide.java:53)
	at steps.SharedStepsDefinition.i_open_something_page(SharedStepsDefinition.java:34)
	at ✽.I open &quot;Automation practice&quot; page(file:///Users/filip/IntelliJ%20projects/RahulUdemy/src/test/java/features/AutomationPracticePageTests.feature:23)
... Removed 3 stack frames</pre></div><a href='#' onClick='toggleBox("stack-trace299684908", this, "Click to show all stack frames", "Click to hide stack frames")'>Click to show all stack frames</a>
<div class='stack-trace' id='stack-trace299684908'><pre>org.openqa.selenium.TimeoutException: Build info: version: &apos;4.8.3&apos;, revision: &apos;e5e76298c3&apos;
System info: os.name: &apos;Mac OS X&apos;, os.arch: &apos;aarch64&apos;, os.version: &apos;13.1&apos;, java.version: &apos;18.0.2&apos;
Driver info: org.openqa.selenium.safari.SafariDriver
Command: [79D26E15-EF24-4905-A1C5-A5623F0226FD, get {url=https://rahulshettyacademy.com/AutomationPractice/}]
selenide.url: https://rahulshettyacademy.com/AutomationPractice/
Capabilities {acceptInsecureCerts: false, browserName: Safari, browserVersion: 16.2, pageLoadStrategy: normal, platformName: MAC, safari:automaticInspection: false, safari:automaticProfiling: false, safari:diagnose: false, safari:platformBuildVersion: 22C65, safari:platformVersion: 13.1, safari:useSimulator: false, setWindowRect: true, strictFileInteractability: false, unhandledPromptBehavior: accept, webkit:WebRTC: {DisableICECandidateFiltering: false, DisableInsecureMediaCapture: false}}
selenide.baseUrl: https://rahulshettyacademy.com
Session ID: 79D26E15-EF24-4905-A1C5-A5623F0226FD
	at java.base/jdk.internal.reflect.DirectConstructorHandleAccessor.newInstance(DirectConstructorHandleAccessor.java:67)
	at java.base/java.lang.reflect.Constructor.newInstanceWithCaller(Constructor.java:499)
	at java.base/java.lang.reflect.Constructor.newInstance(Constructor.java:483)
	at org.openqa.selenium.remote.codec.w3c.W3CHttpResponseCodec.createException(W3CHttpResponseCodec.java:200)
	at org.openqa.selenium.remote.codec.w3c.W3CHttpResponseCodec.decode(W3CHttpResponseCodec.java:133)
	at org.openqa.selenium.remote.codec.w3c.W3CHttpResponseCodec.decode(W3CHttpResponseCodec.java:53)
	at org.openqa.selenium.remote.HttpCommandExecutor.execute(HttpCommandExecutor.java:193)
	at org.openqa.selenium.remote.service.DriverCommandExecutor.invokeExecute(DriverCommandExecutor.java:183)
	at org.openqa.selenium.remote.service.DriverCommandExecutor.execute(DriverCommandExecutor.java:158)
	at org.openqa.selenium.remote.RemoteWebDriver.execute(RemoteWebDriver.java:543)
	at org.openqa.selenium.remote.RemoteWebDriver.get(RemoteWebDriver.java:297)
	at org.openqa.selenium.remote.RemoteWebDriver$RemoteNavigation.to(RemoteWebDriver.java:982)
	at com.codeborne.selenide.drivercommands.Navigator.lambda$navigateTo$0(Navigator.java:74)
	at com.codeborne.selenide.logevents.SelenideLogger.run(SelenideLogger.java:105)
	at com.codeborne.selenide.drivercommands.Navigator.navigateTo(Navigator.java:70)
	at com.codeborne.selenide.drivercommands.Navigator.open(Navigator.java:32)
	at com.codeborne.selenide.SelenideDriver.open(SelenideDriver.java:101)
	at com.codeborne.selenide.Selenide.open(Selenide.java:53)
	at steps.SharedStepsDefinition.i_open_something_page(SharedStepsDefinition.java:34)
	at ✽.I open &quot;Automation practice&quot; page(file:///Users/filip/IntelliJ%20projects/RahulUdemy/src/test/java/features/AutomationPracticePageTests.feature:23)
</pre></div></td>
<td>30</td>
<td>testRunners.CucumberTestNGRunner@64cd705f</td></tr>
<tr>
<td title='testRunners.CucumberTestNGRunner.runScenario()'><b>runScenario</b><br>Test class: testRunners.CucumberTestNGRunner<br>Test method: Runs Cucumber Scenarios<br>Parameters: "Find element in element", "AutomationPractice page tests"</td>
<td><div><pre>org.openqa.selenium.TimeoutException: Build info: version: &apos;4.8.3&apos;, revision: &apos;e5e76298c3&apos;
System info: os.name: &apos;Mac OS X&apos;, os.arch: &apos;aarch64&apos;, os.version: &apos;13.1&apos;, java.version: &apos;18.0.2&apos;
Driver info: org.openqa.selenium.safari.SafariDriver
Command: [79D26E15-EF24-4905-A1C5-A5623F0226FD, get {url=https://rahulshettyacademy.com/AutomationPractice/}]
selenide.url: https://rahulshettyacademy.com/AutomationPractice/
Capabilities {acceptInsecureCerts: false, browserName: Safari, browserVersion: 16.2, pageLoadStrategy: normal, platformName: MAC, safari:automaticInspection: false, safari:automaticProfiling: false, safari:diagnose: false, safari:platformBuildVersion: 22C65, safari:platformVersion: 13.1, safari:useSimulator: false, setWindowRect: true, strictFileInteractability: false, unhandledPromptBehavior: accept, webkit:WebRTC: {DisableICECandidateFiltering: false, DisableInsecureMediaCapture: false}}
selenide.baseUrl: https://rahulshettyacademy.com
Session ID: 79D26E15-EF24-4905-A1C5-A5623F0226FD
	at org.openqa.selenium.remote.codec.w3c.W3CHttpResponseCodec.createException(W3CHttpResponseCodec.java:200)
	at org.openqa.selenium.remote.codec.w3c.W3CHttpResponseCodec.decode(W3CHttpResponseCodec.java:133)
	at org.openqa.selenium.remote.codec.w3c.W3CHttpResponseCodec.decode(W3CHttpResponseCodec.java:53)
	at org.openqa.selenium.remote.HttpCommandExecutor.execute(HttpCommandExecutor.java:193)
	at org.openqa.selenium.remote.service.DriverCommandExecutor.invokeExecute(DriverCommandExecutor.java:183)
	at org.openqa.selenium.remote.service.DriverCommandExecutor.execute(DriverCommandExecutor.java:158)
	at org.openqa.selenium.remote.RemoteWebDriver.execute(RemoteWebDriver.java:543)
	at org.openqa.selenium.remote.RemoteWebDriver.get(RemoteWebDriver.java:297)
	at org.openqa.selenium.remote.RemoteWebDriver$RemoteNavigation.to(RemoteWebDriver.java:982)
	at com.codeborne.selenide.drivercommands.Navigator.lambda$navigateTo$0(Navigator.java:74)
	at com.codeborne.selenide.logevents.SelenideLogger.run(SelenideLogger.java:105)
	at com.codeborne.selenide.drivercommands.Navigator.navigateTo(Navigator.java:70)
	at com.codeborne.selenide.drivercommands.Navigator.open(Navigator.java:32)
	at com.codeborne.selenide.SelenideDriver.open(SelenideDriver.java:101)
	at com.codeborne.selenide.Selenide.open(Selenide.java:53)
	at steps.SharedStepsDefinition.i_open_something_page(SharedStepsDefinition.java:34)
	at ✽.I open &quot;Automation practice&quot; page(file:///Users/filip/IntelliJ%20projects/RahulUdemy/src/test/java/features/AutomationPracticePageTests.feature:17)
... Removed 3 stack frames</pre></div><a href='#' onClick='toggleBox("stack-trace1190857779", this, "Click to show all stack frames", "Click to hide stack frames")'>Click to show all stack frames</a>
<div class='stack-trace' id='stack-trace1190857779'><pre>org.openqa.selenium.TimeoutException: Build info: version: &apos;4.8.3&apos;, revision: &apos;e5e76298c3&apos;
System info: os.name: &apos;Mac OS X&apos;, os.arch: &apos;aarch64&apos;, os.version: &apos;13.1&apos;, java.version: &apos;18.0.2&apos;
Driver info: org.openqa.selenium.safari.SafariDriver
Command: [79D26E15-EF24-4905-A1C5-A5623F0226FD, get {url=https://rahulshettyacademy.com/AutomationPractice/}]
selenide.url: https://rahulshettyacademy.com/AutomationPractice/
Capabilities {acceptInsecureCerts: false, browserName: Safari, browserVersion: 16.2, pageLoadStrategy: normal, platformName: MAC, safari:automaticInspection: false, safari:automaticProfiling: false, safari:diagnose: false, safari:platformBuildVersion: 22C65, safari:platformVersion: 13.1, safari:useSimulator: false, setWindowRect: true, strictFileInteractability: false, unhandledPromptBehavior: accept, webkit:WebRTC: {DisableICECandidateFiltering: false, DisableInsecureMediaCapture: false}}
selenide.baseUrl: https://rahulshettyacademy.com
Session ID: 79D26E15-EF24-4905-A1C5-A5623F0226FD
	at java.base/jdk.internal.reflect.DirectConstructorHandleAccessor.newInstance(DirectConstructorHandleAccessor.java:67)
	at java.base/java.lang.reflect.Constructor.newInstanceWithCaller(Constructor.java:499)
	at java.base/java.lang.reflect.Constructor.newInstance(Constructor.java:483)
	at org.openqa.selenium.remote.codec.w3c.W3CHttpResponseCodec.createException(W3CHttpResponseCodec.java:200)
	at org.openqa.selenium.remote.codec.w3c.W3CHttpResponseCodec.decode(W3CHttpResponseCodec.java:133)
	at org.openqa.selenium.remote.codec.w3c.W3CHttpResponseCodec.decode(W3CHttpResponseCodec.java:53)
	at org.openqa.selenium.remote.HttpCommandExecutor.execute(HttpCommandExecutor.java:193)
	at org.openqa.selenium.remote.service.DriverCommandExecutor.invokeExecute(DriverCommandExecutor.java:183)
	at org.openqa.selenium.remote.service.DriverCommandExecutor.execute(DriverCommandExecutor.java:158)
	at org.openqa.selenium.remote.RemoteWebDriver.execute(RemoteWebDriver.java:543)
	at org.openqa.selenium.remote.RemoteWebDriver.get(RemoteWebDriver.java:297)
	at org.openqa.selenium.remote.RemoteWebDriver$RemoteNavigation.to(RemoteWebDriver.java:982)
	at com.codeborne.selenide.drivercommands.Navigator.lambda$navigateTo$0(Navigator.java:74)
	at com.codeborne.selenide.logevents.SelenideLogger.run(SelenideLogger.java:105)
	at com.codeborne.selenide.drivercommands.Navigator.navigateTo(Navigator.java:70)
	at com.codeborne.selenide.drivercommands.Navigator.open(Navigator.java:32)
	at com.codeborne.selenide.SelenideDriver.open(SelenideDriver.java:101)
	at com.codeborne.selenide.Selenide.open(Selenide.java:53)
	at steps.SharedStepsDefinition.i_open_something_page(SharedStepsDefinition.java:34)
	at ✽.I open &quot;Automation practice&quot; page(file:///Users/filip/IntelliJ%20projects/RahulUdemy/src/test/java/features/AutomationPracticePageTests.feature:17)
</pre></div></td>
<td>30</td>
<td>testRunners.CucumberTestNGRunner@64cd705f</td></tr>
<tr>
<td title='testRunners.CucumberTestNGRunner.runScenario()'><b>runScenario</b><br>Test class: testRunners.CucumberTestNGRunner<br>Test method: Runs Cucumber Scenarios<br>Parameters: "Dismiss alert", "AutomationPractice page tests"</td>
<td><div><pre>org.openqa.selenium.TimeoutException: Build info: version: &apos;4.8.3&apos;, revision: &apos;e5e76298c3&apos;
System info: os.name: &apos;Mac OS X&apos;, os.arch: &apos;aarch64&apos;, os.version: &apos;13.1&apos;, java.version: &apos;18.0.2&apos;
Driver info: org.openqa.selenium.safari.SafariDriver
Command: [79D26E15-EF24-4905-A1C5-A5623F0226FD, get {url=https://rahulshettyacademy.com/AutomationPractice/}]
selenide.url: https://rahulshettyacademy.com/AutomationPractice/
Capabilities {acceptInsecureCerts: false, browserName: Safari, browserVersion: 16.2, pageLoadStrategy: normal, platformName: MAC, safari:automaticInspection: false, safari:automaticProfiling: false, safari:diagnose: false, safari:platformBuildVersion: 22C65, safari:platformVersion: 13.1, safari:useSimulator: false, setWindowRect: true, strictFileInteractability: false, unhandledPromptBehavior: accept, webkit:WebRTC: {DisableICECandidateFiltering: false, DisableInsecureMediaCapture: false}}
selenide.baseUrl: https://rahulshettyacademy.com
Session ID: 79D26E15-EF24-4905-A1C5-A5623F0226FD
	at org.openqa.selenium.remote.codec.w3c.W3CHttpResponseCodec.createException(W3CHttpResponseCodec.java:200)
	at org.openqa.selenium.remote.codec.w3c.W3CHttpResponseCodec.decode(W3CHttpResponseCodec.java:133)
	at org.openqa.selenium.remote.codec.w3c.W3CHttpResponseCodec.decode(W3CHttpResponseCodec.java:53)
	at org.openqa.selenium.remote.HttpCommandExecutor.execute(HttpCommandExecutor.java:193)
	at org.openqa.selenium.remote.service.DriverCommandExecutor.invokeExecute(DriverCommandExecutor.java:183)
	at org.openqa.selenium.remote.service.DriverCommandExecutor.execute(DriverCommandExecutor.java:158)
	at org.openqa.selenium.remote.RemoteWebDriver.execute(RemoteWebDriver.java:543)
	at org.openqa.selenium.remote.RemoteWebDriver.get(RemoteWebDriver.java:297)
	at org.openqa.selenium.remote.RemoteWebDriver$RemoteNavigation.to(RemoteWebDriver.java:982)
	at com.codeborne.selenide.drivercommands.Navigator.lambda$navigateTo$0(Navigator.java:74)
	at com.codeborne.selenide.logevents.SelenideLogger.run(SelenideLogger.java:105)
	at com.codeborne.selenide.drivercommands.Navigator.navigateTo(Navigator.java:70)
	at com.codeborne.selenide.drivercommands.Navigator.open(Navigator.java:32)
	at com.codeborne.selenide.SelenideDriver.open(SelenideDriver.java:101)
	at com.codeborne.selenide.Selenide.open(Selenide.java:53)
	at steps.SharedStepsDefinition.i_open_something_page(SharedStepsDefinition.java:34)
	at ✽.I open &quot;Automation practice&quot; page(file:///Users/filip/IntelliJ%20projects/RahulUdemy/src/test/java/features/AutomationPracticePageTests.feature:10)
... Removed 3 stack frames</pre></div><a href='#' onClick='toggleBox("stack-trace545392109", this, "Click to show all stack frames", "Click to hide stack frames")'>Click to show all stack frames</a>
<div class='stack-trace' id='stack-trace545392109'><pre>org.openqa.selenium.TimeoutException: Build info: version: &apos;4.8.3&apos;, revision: &apos;e5e76298c3&apos;
System info: os.name: &apos;Mac OS X&apos;, os.arch: &apos;aarch64&apos;, os.version: &apos;13.1&apos;, java.version: &apos;18.0.2&apos;
Driver info: org.openqa.selenium.safari.SafariDriver
Command: [79D26E15-EF24-4905-A1C5-A5623F0226FD, get {url=https://rahulshettyacademy.com/AutomationPractice/}]
selenide.url: https://rahulshettyacademy.com/AutomationPractice/
Capabilities {acceptInsecureCerts: false, browserName: Safari, browserVersion: 16.2, pageLoadStrategy: normal, platformName: MAC, safari:automaticInspection: false, safari:automaticProfiling: false, safari:diagnose: false, safari:platformBuildVersion: 22C65, safari:platformVersion: 13.1, safari:useSimulator: false, setWindowRect: true, strictFileInteractability: false, unhandledPromptBehavior: accept, webkit:WebRTC: {DisableICECandidateFiltering: false, DisableInsecureMediaCapture: false}}
selenide.baseUrl: https://rahulshettyacademy.com
Session ID: 79D26E15-EF24-4905-A1C5-A5623F0226FD
	at java.base/jdk.internal.reflect.DirectConstructorHandleAccessor.newInstance(DirectConstructorHandleAccessor.java:67)
	at java.base/java.lang.reflect.Constructor.newInstanceWithCaller(Constructor.java:499)
	at java.base/java.lang.reflect.Constructor.newInstance(Constructor.java:483)
	at org.openqa.selenium.remote.codec.w3c.W3CHttpResponseCodec.createException(W3CHttpResponseCodec.java:200)
	at org.openqa.selenium.remote.codec.w3c.W3CHttpResponseCodec.decode(W3CHttpResponseCodec.java:133)
	at org.openqa.selenium.remote.codec.w3c.W3CHttpResponseCodec.decode(W3CHttpResponseCodec.java:53)
	at org.openqa.selenium.remote.HttpCommandExecutor.execute(HttpCommandExecutor.java:193)
	at org.openqa.selenium.remote.service.DriverCommandExecutor.invokeExecute(DriverCommandExecutor.java:183)
	at org.openqa.selenium.remote.service.DriverCommandExecutor.execute(DriverCommandExecutor.java:158)
	at org.openqa.selenium.remote.RemoteWebDriver.execute(RemoteWebDriver.java:543)
	at org.openqa.selenium.remote.RemoteWebDriver.get(RemoteWebDriver.java:297)
	at org.openqa.selenium.remote.RemoteWebDriver$RemoteNavigation.to(RemoteWebDriver.java:982)
	at com.codeborne.selenide.drivercommands.Navigator.lambda$navigateTo$0(Navigator.java:74)
	at com.codeborne.selenide.logevents.SelenideLogger.run(SelenideLogger.java:105)
	at com.codeborne.selenide.drivercommands.Navigator.navigateTo(Navigator.java:70)
	at com.codeborne.selenide.drivercommands.Navigator.open(Navigator.java:32)
	at com.codeborne.selenide.SelenideDriver.open(SelenideDriver.java:101)
	at com.codeborne.selenide.Selenide.open(Selenide.java:53)
	at steps.SharedStepsDefinition.i_open_something_page(SharedStepsDefinition.java:34)
	at ✽.I open &quot;Automation practice&quot; page(file:///Users/filip/IntelliJ%20projects/RahulUdemy/src/test/java/features/AutomationPracticePageTests.feature:10)
</pre></div></td>
<td>30</td>
<td>testRunners.CucumberTestNGRunner@64cd705f</td></tr>
<tr>
<td title='testRunners.CucumberTestNGRunner.runScenario()'><b>runScenario</b><br>Test class: testRunners.CucumberTestNGRunner<br>Test method: Runs Cucumber Scenarios<br>Parameters: "Check response codes of all prelinks in footer", "AutomationPractice page tests"</td>
<td><div><pre>java.lang.AssertionError: The following asserts failed:
	Link REST APIGcv has response code 301 expected [true] but found [false],
	Link Broken Linkerj has response code 404 expected [true] but found [false]
	at steps.AutomationPracticeStepDefinition.i_check_http_code_should_be_something(AutomationPracticeStepDefinition.java:166)
	at ✽.I check HTTP codes should be &quot;200&quot;(file:///Users/filip/IntelliJ%20projects/RahulUdemy/src/test/java/features/AutomationPracticePageTests.feature:42)
... Removed 2 stack frames</pre></div><a href='#' onClick='toggleBox("stack-trace1172390062", this, "Click to show all stack frames", "Click to hide stack frames")'>Click to show all stack frames</a>
<div class='stack-trace' id='stack-trace1172390062'><pre>java.lang.AssertionError: The following asserts failed:
	Link REST APIGcv has response code 301 expected [true] but found [false],
	Link Broken Linkerj has response code 404 expected [true] but found [false]
	at org.testng.asserts.SoftAssert.assertAll(SoftAssert.java:46)
	at org.testng.asserts.SoftAssert.assertAll(SoftAssert.java:30)
	at steps.AutomationPracticeStepDefinition.i_check_http_code_should_be_something(AutomationPracticeStepDefinition.java:166)
	at ✽.I check HTTP codes should be &quot;200&quot;(file:///Users/filip/IntelliJ%20projects/RahulUdemy/src/test/java/features/AutomationPracticePageTests.feature:42)
</pre></div></td>
<td>18</td>
<td>testRunners.CucumberTestNGRunner@64cd705f</td></tr>
</table><p>
<table width='100%' border='1' class='invocation-passed'>
<tr><td colspan='4' align='center'><b>PASSED TESTS</b></td></tr>
<tr><td><b>Test method</b></td>
<td><b>Attribute(s)</b></td>
<td width="30%"><b>Exception</b></td>
<td width="10%"><b>Time (seconds)</b></td>
<td><b>Instance</b></td>
</tr>
<tr>
<td title='testRunners.CucumberTestNGRunner.runScenario()'><b>runScenario</b><br>Test class: testRunners.CucumberTestNGRunner<br>Test method: Runs Cucumber Scenarios<br>Parameters: "Accept alert", "AutomationPractice page tests"</td>
<td></td>
<td>7</td>
<td>testRunners.CucumberTestNGRunner@64cd705f</td></tr>
<tr>
<td title='testRunners.CucumberTestNGRunner.runScenario()'><b>runScenario</b><br>Test class: testRunners.CucumberTestNGRunner<br>Test method: Runs Cucumber Scenarios<br>Parameters: "Check response code of broken link", "AutomationPractice page tests"</td>
<td></td>
<td>22</td>
<td>testRunners.CucumberTestNGRunner@64cd705f</td></tr>
</table><p>
</body>
</html>